<?xml version="1.0" encoding="UTF-8"?>
<!-- Generated by org.testng.reporters.JUnitReportReporter -->
<testsuite hostname="ADS67" name="exe.SampleTC" tests="1" failures="0" timestamp="27 Sep 2017 13:52:44 GMT" time="1.337" errors="0">
  <testcase name="PremisesAddressZipPlus4" time="1.337" classname="exe.SampleTC"/>
</testsuite> <!-- exe.SampleTC -->
