<?xml version="1.0" encoding="UTF-8"?>
<!-- Generated by org.testng.reporters.JUnitReportReporter -->
<testsuite hostname="ADS67" name="exe.ExcelRun" tests="1" failures="0" timestamp="28 Sep 2017 06:01:31 GMT" time="0.607" errors="0">
  <testcase name="TestRunFinalProcess" time="0.607" classname="exe.ExcelRun"/>
</testsuite> <!-- exe.ExcelRun -->
